<?xml version="1.0" encoding="UTF-8"?>
<testsuite name="com.android.freekite.patch.test.ExampleUnitTest" tests="1" skipped="0" failures="0" errors="0" timestamp="2016-10-13T10:12:52" hostname="ddchens-MacBook-Pro.local" time="0.001">
  <properties/>
  <testcase name="addition_isCorrect" classname="com.android.freekite.patch.test.ExampleUnitTest" time="0.001"/>
  <system-out><![CDATA[]]></system-out>
  <system-err><![CDATA[]]></system-err>
</testsuite>
